C:\Program Files (x86)\MSBuild\Microsoft.Cpp\v4.0\V140\Microsoft.CppBuild.targets(392,5): warning MSB8028: The intermediate directory (x64\Release\) contains files shared from another project (Cours1ML-280317-FirstDll.vcxproj).  This can lead to incorrect clean and rebuild behavior.
  Source.cpp
c:\users\antoine\git\projet_annuel_ibd3a\c++_lib\cours1ml-280317-firstdll\cours1ml-280317-firstdll\../MLP.h(87): error C2228: left of '.classify' must have class/struct/union
  c:\users\antoine\git\projet_annuel_ibd3a\c++_lib\cours1ml-280317-firstdll\cours1ml-280317-firstdll\../MLP.h(87): note: type is 'MLP *'
  c:\users\antoine\git\projet_annuel_ibd3a\c++_lib\cours1ml-280317-firstdll\cours1ml-280317-firstdll\../MLP.h(87): note: did you intend to use '->' instead?
c:\users\antoine\git\projet_annuel_ibd3a\c++_lib\cours1ml-280317-firstdll\cours1ml-280317-firstdll\../MLP.h(88): error C2228: left of '.fitClassification' must have class/struct/union
  c:\users\antoine\git\projet_annuel_ibd3a\c++_lib\cours1ml-280317-firstdll\cours1ml-280317-firstdll\../MLP.h(88): note: type is 'MLP *'
  c:\users\antoine\git\projet_annuel_ibd3a\c++_lib\cours1ml-280317-firstdll\cours1ml-280317-firstdll\../MLP.h(88): note: did you intend to use '->' instead?
c:\users\antoine\git\projet_annuel_ibd3a\c++_lib\cours1ml-280317-firstdll\cours1ml-280317-firstdll\../MLP.h(89): error C2228: left of '.fitRegression' must have class/struct/union
  c:\users\antoine\git\projet_annuel_ibd3a\c++_lib\cours1ml-280317-firstdll\cours1ml-280317-firstdll\../MLP.h(89): note: type is 'MLP *'
  c:\users\antoine\git\projet_annuel_ibd3a\c++_lib\cours1ml-280317-firstdll\cours1ml-280317-firstdll\../MLP.h(89): note: did you intend to use '->' instead?
c:\users\antoine\git\projet_annuel_ibd3a\c++_lib\cours1ml-280317-firstdll\cours1ml-280317-firstdll\../MLP.h(90): error C2228: left of '.predict' must have class/struct/union
  c:\users\antoine\git\projet_annuel_ibd3a\c++_lib\cours1ml-280317-firstdll\cours1ml-280317-firstdll\../MLP.h(90): note: type is 'MLP *'
  c:\users\antoine\git\projet_annuel_ibd3a\c++_lib\cours1ml-280317-firstdll\cours1ml-280317-firstdll\../MLP.h(90): note: did you intend to use '->' instead?
c:\users\antoine\git\projet_annuel_ibd3a\c++_lib\cours1ml-280317-firstdll\cours1ml-280317-firstdll\../MLP.h(91): error C2228: left of '.getOutputsforClassif' must have class/struct/union
  c:\users\antoine\git\projet_annuel_ibd3a\c++_lib\cours1ml-280317-firstdll\cours1ml-280317-firstdll\../MLP.h(91): note: type is 'MLP *'
  c:\users\antoine\git\projet_annuel_ibd3a\c++_lib\cours1ml-280317-firstdll\cours1ml-280317-firstdll\../MLP.h(91): note: did you intend to use '->' instead?
c:\users\antoine\git\projet_annuel_ibd3a\c++_lib\cours1ml-280317-firstdll\cours1ml-280317-firstdll\../MLP.h(92): error C2228: left of '.getOutputsforRegression' must have class/struct/union
  c:\users\antoine\git\projet_annuel_ibd3a\c++_lib\cours1ml-280317-firstdll\cours1ml-280317-firstdll\../MLP.h(92): note: type is 'MLP *'
  c:\users\antoine\git\projet_annuel_ibd3a\c++_lib\cours1ml-280317-firstdll\cours1ml-280317-firstdll\../MLP.h(92): note: did you intend to use '->' instead?
